<?xml version="1.0" encoding="UTF-8"?>
<testng-results ignored="0" total="3" passed="3" failed="0" skipped="0">
  <reporter-output>
  </reporter-output>
  <suite started-at="2021-08-09T18:38:51 IST" name="Default suite" finished-at="2021-08-09T18:39:24 IST" duration-ms="33680">
    <groups>
    </groups>
    <test started-at="2021-08-09T18:38:51 IST" name="Default test" finished-at="2021-08-09T18:39:24 IST" duration-ms="33680">
      <class name="com.vtour.qa.Testcases.LoginPageTest">
        <test-method is-config="true" signature="setUp()[pri:0, instance:com.vtour.qa.Testcases.LoginPageTest@527e5409]" started-at="2021-08-09T18:38:05 IST" name="setUp" finished-at="2021-08-09T18:38:51 IST" duration-ms="46241" status="PASS">
          <reporter-output>
          </reporter-output>
        </test-method> <!-- setUp -->
        <test-method signature="logpagetitle()[pri:1, instance:com.vtour.qa.Testcases.LoginPageTest@527e5409]" started-at="2021-08-09T18:38:51 IST" name="logpagetitle" finished-at="2021-08-09T18:38:51 IST" duration-ms="13" status="PASS">
          <reporter-output>
          </reporter-output>
        </test-method> <!-- logpagetitle -->
        <test-method signature="validateInfo()[pri:2, instance:com.vtour.qa.Testcases.LoginPageTest@527e5409]" started-at="2021-08-09T18:38:51 IST" name="validateInfo" finished-at="2021-08-09T18:39:09 IST" duration-ms="18273" status="PASS">
          <reporter-output>
          </reporter-output>
        </test-method> <!-- validateInfo -->
        <test-method signature="verifyOtp()[pri:3, instance:com.vtour.qa.Testcases.LoginPageTest@527e5409]" started-at="2021-08-09T18:39:09 IST" name="verifyOtp" finished-at="2021-08-09T18:39:24 IST" duration-ms="15367" status="PASS">
          <reporter-output>
          </reporter-output>
        </test-method> <!-- verifyOtp -->
        <test-method is-config="true" signature="tearDown()[pri:0, instance:com.vtour.qa.Testcases.LoginPageTest@527e5409]" started-at="2021-08-09T18:39:25 IST" name="tearDown" finished-at="2021-08-09T18:39:25 IST" duration-ms="90" status="PASS">
          <reporter-output>
          </reporter-output>
        </test-method> <!-- tearDown -->
      </class> <!-- com.vtour.qa.Testcases.LoginPageTest -->
    </test> <!-- Default test -->
  </suite> <!-- Default suite -->
</testng-results>
