<?xml version="1.0" encoding="UTF-8"?>
<!-- Generated by org.testng.reporters.JUnitXMLReporter -->
<testsuite ignored="0" hostname="Ajits-MacBook-Pro.local" failures="0" tests="3" name="Default test" time="33.68" errors="0" timestamp="2021-08-09T18:39:25 IST">
  <testcase classname="com.vtour.qa.Testcases.LoginPageTest" name="logpagetitle" time="0.013"/>
  <testcase classname="com.vtour.qa.Testcases.LoginPageTest" name="validateInfo" time="18.273"/>
  <testcase classname="com.vtour.qa.Testcases.LoginPageTest" name="verifyOtp" time="15.367"/>
</testsuite> <!-- Default test -->
